[10-Dec-2023 18:21:31 America/Sao_Paulo] PHP Fatal error:  Uncaught PDOException: SQLSTATE[HY000]: General error: 2006 MySQL server has gone away in /Users/emersonrodrigues/Documents/GitHub/PayParaguay/app/sts/Models/helper/StsRead.php:48
Stack trace:
#0 /Users/emersonrodrigues/Documents/GitHub/PayParaguay/app/sts/Models/helper/StsRead.php(48): PDOStatement->execute()
#1 /Users/emersonrodrigues/Documents/GitHub/PayParaguay/app/sts/Models/helper/StsRead.php(40): App\sts\Models\helper\StsRead->exeInstrucao()
#2 /Users/emersonrodrigues/Documents/GitHub/PayParaguay/app/sts/Models/DbDashboard.php(35): App\sts\Models\helper\StsRead->fullRead('SELECT * FROM `...')
#3 /Users/emersonrodrigues/Documents/GitHub/PayParaguay/app/sts/Controllers/Dashboard.php(30): App\sts\Models\DbDashboard->getDataDashboard()
#4 /Users/emersonrodrigues/Documents/GitHub/PayParaguay/core/ConfigController.php(104): App\sts\Controllers\Dashboard->getData()
#5 /Users/emersonrodrigues/Documents/GitHub/PayParaguay/core/ConfigController.php(88): Core\ConfigController->carregarMetodo()
#6 /Users/emersonro in /Users/emersonrodrigues/Documents/GitHub/PayParaguay/app/sts/Models/helper/StsRead.php on line 48
[15-Dec-2023 01:08:07 America/Sao_Paulo] PHP Fatal error:  Uncaught PDOException: SQLSTATE[42000]: Syntax error or access violation: 1064 You have an error in your SQL syntax; check the manual that corresponds to your MariaDB server version for the right syntax to use near ''authentication' as a 
            inner join users as b on a.id = b.id  
   ...' at line 1 in /Users/emersonrodrigues/Documents/GitHub/PayParaguay/app/sts/Models/helper/StsRead.php:48
Stack trace:
#0 /Users/emersonrodrigues/Documents/GitHub/PayParaguay/app/sts/Models/helper/StsRead.php(48): PDOStatement->execute()
#1 /Users/emersonrodrigues/Documents/GitHub/PayParaguay/app/sts/Models/helper/StsRead.php(40): App\sts\Models\helper\StsRead->exeInstrucao()
#2 /Users/emersonrodrigues/Documents/GitHub/PayParaguay/app/sts/Models/ValidaLogin.php(41): App\sts\Models\helper\StsRead->fullRead('SELECT * FROM '...')
#3 /Users/emersonrodrigues/Documents/GitHub/PayParaguay/app/sts/Controllers/Login.php(55): App\sts\Models\ValidaLogin->acesso(Array)
#4 /Users/emersonrodrigues/Documents/GitHub/PayParaguay/core/Co in /Users/emersonrodrigues/Documents/GitHub/PayParaguay/app/sts/Models/helper/StsRead.php on line 48
[15-Dec-2023 01:08:15 America/Sao_Paulo] PHP Fatal error:  Uncaught PDOException: SQLSTATE[42000]: Syntax error or access violation: 1064 You have an error in your SQL syntax; check the manual that corresponds to your MariaDB server version for the right syntax to use near ''authentication' as a 
            inner join users as b on a.id = b.id  
   ...' at line 1 in /Users/emersonrodrigues/Documents/GitHub/PayParaguay/app/sts/Models/helper/StsRead.php:48
Stack trace:
#0 /Users/emersonrodrigues/Documents/GitHub/PayParaguay/app/sts/Models/helper/StsRead.php(48): PDOStatement->execute()
#1 /Users/emersonrodrigues/Documents/GitHub/PayParaguay/app/sts/Models/helper/StsRead.php(40): App\sts\Models\helper\StsRead->exeInstrucao()
#2 /Users/emersonrodrigues/Documents/GitHub/PayParaguay/app/sts/Models/ValidaLogin.php(41): App\sts\Models\helper\StsRead->fullRead('SELECT * FROM '...')
#3 /Users/emersonrodrigues/Documents/GitHub/PayParaguay/app/sts/Controllers/Login.php(55): App\sts\Models\ValidaLogin->acesso(Array)
#4 /Users/emersonrodrigues/Documents/GitHub/PayParaguay/core/Co in /Users/emersonrodrigues/Documents/GitHub/PayParaguay/app/sts/Models/helper/StsRead.php on line 48
[15-Dec-2023 01:09:33 America/Sao_Paulo] PHP Fatal error:  Uncaught PDOException: SQLSTATE[42000]: Syntax error or access violation: 1064 You have an error in your SQL syntax; check the manual that corresponds to your MariaDB server version for the right syntax to use near ''authentication' as a 
            inner join users as b on a.id = b.authenti...' at line 1 in /Users/emersonrodrigues/Documents/GitHub/PayParaguay/app/sts/Models/helper/StsRead.php:48
Stack trace:
#0 /Users/emersonrodrigues/Documents/GitHub/PayParaguay/app/sts/Models/helper/StsRead.php(48): PDOStatement->execute()
#1 /Users/emersonrodrigues/Documents/GitHub/PayParaguay/app/sts/Models/helper/StsRead.php(40): App\sts\Models\helper\StsRead->exeInstrucao()
#2 /Users/emersonrodrigues/Documents/GitHub/PayParaguay/app/sts/Models/ValidaLogin.php(41): App\sts\Models\helper\StsRead->fullRead('SELECT * FROM '...')
#3 /Users/emersonrodrigues/Documents/GitHub/PayParaguay/app/sts/Controllers/Login.php(55): App\sts\Models\ValidaLogin->acesso(Array)
#4 /Users/emersonrodrigues/Documents/GitHub/PayParaguay/core/Co in /Users/emersonrodrigues/Documents/GitHub/PayParaguay/app/sts/Models/helper/StsRead.php on line 48
[15-Dec-2023 01:10:00 America/Sao_Paulo] PHP Fatal error:  Uncaught PDOException: SQLSTATE[42S02]: Base table or view not found: 1146 Table 'iliketec_loti.ordem' doesn't exist in /Users/emersonrodrigues/Documents/GitHub/PayParaguay/app/sts/Models/helper/StsRead.php:48
Stack trace:
#0 /Users/emersonrodrigues/Documents/GitHub/PayParaguay/app/sts/Models/helper/StsRead.php(48): PDOStatement->execute()
#1 /Users/emersonrodrigues/Documents/GitHub/PayParaguay/app/sts/Models/helper/StsRead.php(40): App\sts\Models\helper\StsRead->exeInstrucao()
#2 /Users/emersonrodrigues/Documents/GitHub/PayParaguay/app/sts/Models/DbDashboard.php(34): App\sts\Models\helper\StsRead->fullRead('SELECT sum(amou...')
#3 /Users/emersonrodrigues/Documents/GitHub/PayParaguay/app/sts/Controllers/Dashboard.php(30): App\sts\Models\DbDashboard->getDataDashboard()
#4 /Users/emersonrodrigues/Documents/GitHub/PayParaguay/core/ConfigController.php(104): App\sts\Controllers\Dashboard->getData()
#5 /Users/emersonrodrigues/Documents/GitHub/PayParaguay/core/ConfigController.php(88): Core\ConfigController->carreg in /Users/emersonrodrigues/Documents/GitHub/PayParaguay/app/sts/Models/helper/StsRead.php on line 48
[15-Dec-2023 01:11:49 America/Sao_Paulo] PHP Fatal error:  Uncaught PDOException: SQLSTATE[42S22]: Column not found: 1054 Unknown column 'active' in 'where clause' in /Users/emersonrodrigues/Documents/GitHub/PayParaguay/app/sts/Models/helper/StsRead.php:48
Stack trace:
#0 /Users/emersonrodrigues/Documents/GitHub/PayParaguay/app/sts/Models/helper/StsRead.php(48): PDOStatement->execute()
#1 /Users/emersonrodrigues/Documents/GitHub/PayParaguay/app/sts/Models/helper/StsRead.php(40): App\sts\Models\helper\StsRead->exeInstrucao()
#2 /Users/emersonrodrigues/Documents/GitHub/PayParaguay/app/sts/Models/DbDashboard.php(22): App\sts\Models\helper\StsRead->fullRead('SELECT sum(amou...')
#3 /Users/emersonrodrigues/Documents/GitHub/PayParaguay/app/sts/Controllers/Dashboard.php(30): App\sts\Models\DbDashboard->getDataDashboard()
#4 /Users/emersonrodrigues/Documents/GitHub/PayParaguay/core/ConfigController.php(104): App\sts\Controllers\Dashboard->getData()
#5 /Users/emersonrodrigues/Documents/GitHub/PayParaguay/core/ConfigController.php(88): Core\ConfigController->carregarMetodo()
# in /Users/emersonrodrigues/Documents/GitHub/PayParaguay/app/sts/Models/helper/StsRead.php on line 48
[15-Dec-2023 01:11:52 America/Sao_Paulo] PHP Fatal error:  Uncaught PDOException: SQLSTATE[42S22]: Column not found: 1054 Unknown column 'active' in 'where clause' in /Users/emersonrodrigues/Documents/GitHub/PayParaguay/app/sts/Models/helper/StsRead.php:48
Stack trace:
#0 /Users/emersonrodrigues/Documents/GitHub/PayParaguay/app/sts/Models/helper/StsRead.php(48): PDOStatement->execute()
#1 /Users/emersonrodrigues/Documents/GitHub/PayParaguay/app/sts/Models/helper/StsRead.php(40): App\sts\Models\helper\StsRead->exeInstrucao()
#2 /Users/emersonrodrigues/Documents/GitHub/PayParaguay/app/sts/Models/DbDashboard.php(22): App\sts\Models\helper\StsRead->fullRead('SELECT sum(amou...')
#3 /Users/emersonrodrigues/Documents/GitHub/PayParaguay/app/sts/Controllers/Dashboard.php(30): App\sts\Models\DbDashboard->getDataDashboard()
#4 /Users/emersonrodrigues/Documents/GitHub/PayParaguay/core/ConfigController.php(104): App\sts\Controllers\Dashboard->getData()
#5 /Users/emersonrodrigues/Documents/GitHub/PayParaguay/core/ConfigController.php(88): Core\ConfigController->carregarMetodo()
# in /Users/emersonrodrigues/Documents/GitHub/PayParaguay/app/sts/Models/helper/StsRead.php on line 48
[15-Dec-2023 01:12:00 America/Sao_Paulo] PHP Fatal error:  Uncaught PDOException: SQLSTATE[42S22]: Column not found: 1054 Unknown column 'active' in 'where clause' in /Users/emersonrodrigues/Documents/GitHub/PayParaguay/app/sts/Models/helper/StsRead.php:48
Stack trace:
#0 /Users/emersonrodrigues/Documents/GitHub/PayParaguay/app/sts/Models/helper/StsRead.php(48): PDOStatement->execute()
#1 /Users/emersonrodrigues/Documents/GitHub/PayParaguay/app/sts/Models/helper/StsRead.php(40): App\sts\Models\helper\StsRead->exeInstrucao()
#2 /Users/emersonrodrigues/Documents/GitHub/PayParaguay/app/sts/Models/DbDashboard.php(22): App\sts\Models\helper\StsRead->fullRead('SELECT sum(amou...')
#3 /Users/emersonrodrigues/Documents/GitHub/PayParaguay/app/sts/Controllers/Dashboard.php(30): App\sts\Models\DbDashboard->getDataDashboard()
#4 /Users/emersonrodrigues/Documents/GitHub/PayParaguay/core/ConfigController.php(104): App\sts\Controllers\Dashboard->getData()
#5 /Users/emersonrodrigues/Documents/GitHub/PayParaguay/core/ConfigController.php(88): Core\ConfigController->carregarMetodo()
# in /Users/emersonrodrigues/Documents/GitHub/PayParaguay/app/sts/Models/helper/StsRead.php on line 48
[15-Dec-2023 01:12:17 America/Sao_Paulo] PHP Fatal error:  Uncaught PDOException: SQLSTATE[42S22]: Column not found: 1054 Unknown column 'active' in 'where clause' in /Users/emersonrodrigues/Documents/GitHub/PayParaguay/app/sts/Models/helper/StsRead.php:48
Stack trace:
#0 /Users/emersonrodrigues/Documents/GitHub/PayParaguay/app/sts/Models/helper/StsRead.php(48): PDOStatement->execute()
#1 /Users/emersonrodrigues/Documents/GitHub/PayParaguay/app/sts/Models/helper/StsRead.php(40): App\sts\Models\helper\StsRead->exeInstrucao()
#2 /Users/emersonrodrigues/Documents/GitHub/PayParaguay/app/sts/Models/DbDashboard.php(22): App\sts\Models\helper\StsRead->fullRead('SELECT sum(amou...')
#3 /Users/emersonrodrigues/Documents/GitHub/PayParaguay/app/sts/Controllers/Dashboard.php(30): App\sts\Models\DbDashboard->getDataDashboard()
#4 /Users/emersonrodrigues/Documents/GitHub/PayParaguay/core/ConfigController.php(104): App\sts\Controllers\Dashboard->getData()
#5 /Users/emersonrodrigues/Documents/GitHub/PayParaguay/core/ConfigController.php(88): Core\ConfigController->carregarMetodo()
# in /Users/emersonrodrigues/Documents/GitHub/PayParaguay/app/sts/Models/helper/StsRead.php on line 48
[15-Dec-2023 01:16:00 America/Sao_Paulo] PHP Fatal error:  Uncaught PDOException: SQLSTATE[42S22]: Column not found: 1054 Unknown column 'active' in 'where clause' in /Users/emersonrodrigues/Documents/GitHub/PayParaguay/app/sts/Models/helper/StsRead.php:48
Stack trace:
#0 /Users/emersonrodrigues/Documents/GitHub/PayParaguay/app/sts/Models/helper/StsRead.php(48): PDOStatement->execute()
#1 /Users/emersonrodrigues/Documents/GitHub/PayParaguay/app/sts/Models/helper/StsRead.php(40): App\sts\Models\helper\StsRead->exeInstrucao()
#2 /Users/emersonrodrigues/Documents/GitHub/PayParaguay/app/sts/Models/DbDashboard.php(24): App\sts\Models\helper\StsRead->fullRead('SELECT sum(amou...')
#3 /Users/emersonrodrigues/Documents/GitHub/PayParaguay/app/sts/Controllers/Dashboard.php(30): App\sts\Models\DbDashboard->getDataDashboard()
#4 /Users/emersonrodrigues/Documents/GitHub/PayParaguay/core/ConfigController.php(104): App\sts\Controllers\Dashboard->getData()
#5 /Users/emersonrodrigues/Documents/GitHub/PayParaguay/core/ConfigController.php(88): Core\ConfigController->carregarMetodo()
# in /Users/emersonrodrigues/Documents/GitHub/PayParaguay/app/sts/Models/helper/StsRead.php on line 48
[15-Dec-2023 01:16:35 America/Sao_Paulo] PHP Fatal error:  Uncaught PDOException: SQLSTATE[42S22]: Column not found: 1054 Unknown column 'active' in 'where clause' in /Users/emersonrodrigues/Documents/GitHub/PayParaguay/app/sts/Models/helper/StsRead.php:48
Stack trace:
#0 /Users/emersonrodrigues/Documents/GitHub/PayParaguay/app/sts/Models/helper/StsRead.php(48): PDOStatement->execute()
#1 /Users/emersonrodrigues/Documents/GitHub/PayParaguay/app/sts/Models/helper/StsRead.php(40): App\sts\Models\helper\StsRead->exeInstrucao()
#2 /Users/emersonrodrigues/Documents/GitHub/PayParaguay/app/sts/Models/DbDashboard.php(24): App\sts\Models\helper\StsRead->fullRead('SELECT sum(amou...')
#3 /Users/emersonrodrigues/Documents/GitHub/PayParaguay/app/sts/Controllers/Dashboard.php(30): App\sts\Models\DbDashboard->getDataDashboard()
#4 /Users/emersonrodrigues/Documents/GitHub/PayParaguay/core/ConfigController.php(104): App\sts\Controllers\Dashboard->getData()
#5 /Users/emersonrodrigues/Documents/GitHub/PayParaguay/core/ConfigController.php(88): Core\ConfigController->carregarMetodo()
# in /Users/emersonrodrigues/Documents/GitHub/PayParaguay/app/sts/Models/helper/StsRead.php on line 48
[15-Dec-2023 01:16:41 America/Sao_Paulo] PHP Fatal error:  Uncaught PDOException: SQLSTATE[42S22]: Column not found: 1054 Unknown column 'active' in 'where clause' in /Users/emersonrodrigues/Documents/GitHub/PayParaguay/app/sts/Models/helper/StsRead.php:48
Stack trace:
#0 /Users/emersonrodrigues/Documents/GitHub/PayParaguay/app/sts/Models/helper/StsRead.php(48): PDOStatement->execute()
#1 /Users/emersonrodrigues/Documents/GitHub/PayParaguay/app/sts/Models/helper/StsRead.php(40): App\sts\Models\helper\StsRead->exeInstrucao()
#2 /Users/emersonrodrigues/Documents/GitHub/PayParaguay/app/sts/Models/DbDashboard.php(24): App\sts\Models\helper\StsRead->fullRead('SELECT sum(amou...')
#3 /Users/emersonrodrigues/Documents/GitHub/PayParaguay/app/sts/Controllers/Dashboard.php(30): App\sts\Models\DbDashboard->getDataDashboard()
#4 /Users/emersonrodrigues/Documents/GitHub/PayParaguay/core/ConfigController.php(104): App\sts\Controllers\Dashboard->getData()
#5 /Users/emersonrodrigues/Documents/GitHub/PayParaguay/core/ConfigController.php(88): Core\ConfigController->carregarMetodo()
# in /Users/emersonrodrigues/Documents/GitHub/PayParaguay/app/sts/Models/helper/StsRead.php on line 48
[15-Dec-2023 01:17:31 America/Sao_Paulo] PHP Fatal error:  Uncaught PDOException: SQLSTATE[42S22]: Column not found: 1054 Unknown column 'active' in 'where clause' in /Users/emersonrodrigues/Documents/GitHub/PayParaguay/app/sts/Models/helper/StsRead.php:48
Stack trace:
#0 /Users/emersonrodrigues/Documents/GitHub/PayParaguay/app/sts/Models/helper/StsRead.php(48): PDOStatement->execute()
#1 /Users/emersonrodrigues/Documents/GitHub/PayParaguay/app/sts/Models/helper/StsRead.php(40): App\sts\Models\helper\StsRead->exeInstrucao()
#2 /Users/emersonrodrigues/Documents/GitHub/PayParaguay/app/sts/Models/DbDashboard.php(24): App\sts\Models\helper\StsRead->fullRead('SELECT sum(amou...')
#3 /Users/emersonrodrigues/Documents/GitHub/PayParaguay/app/sts/Controllers/Dashboard.php(29): App\sts\Models\DbDashboard->getDataDashboard()
#4 /Users/emersonrodrigues/Documents/GitHub/PayParaguay/core/ConfigController.php(104): App\sts\Controllers\Dashboard->getData()
#5 /Users/emersonrodrigues/Documents/GitHub/PayParaguay/core/ConfigController.php(88): Core\ConfigController->carregarMetodo()
# in /Users/emersonrodrigues/Documents/GitHub/PayParaguay/app/sts/Models/helper/StsRead.php on line 48
[15-Dec-2023 01:18:10 America/Sao_Paulo] PHP Fatal error:  Uncaught PDOException: SQLSTATE[42S22]: Column not found: 1054 Unknown column 'active' in 'where clause' in /Users/emersonrodrigues/Documents/GitHub/PayParaguay/app/sts/Models/helper/StsRead.php:48
Stack trace:
#0 /Users/emersonrodrigues/Documents/GitHub/PayParaguay/app/sts/Models/helper/StsRead.php(48): PDOStatement->execute()
#1 /Users/emersonrodrigues/Documents/GitHub/PayParaguay/app/sts/Models/helper/StsRead.php(40): App\sts\Models\helper\StsRead->exeInstrucao()
#2 /Users/emersonrodrigues/Documents/GitHub/PayParaguay/app/sts/Models/DbDashboard.php(24): App\sts\Models\helper\StsRead->fullRead('SELECT sum(amou...')
#3 /Users/emersonrodrigues/Documents/GitHub/PayParaguay/app/sts/Controllers/Dashboard.php(29): App\sts\Models\DbDashboard->getDataDashboard()
#4 /Users/emersonrodrigues/Documents/GitHub/PayParaguay/core/ConfigController.php(104): App\sts\Controllers\Dashboard->getData()
#5 /Users/emersonrodrigues/Documents/GitHub/PayParaguay/core/ConfigController.php(88): Core\ConfigController->carregarMetodo()
# in /Users/emersonrodrigues/Documents/GitHub/PayParaguay/app/sts/Models/helper/StsRead.php on line 48
[15-Dec-2023 01:18:38 America/Sao_Paulo] PHP Fatal error:  Uncaught PDOException: SQLSTATE[42S22]: Column not found: 1054 Unknown column 'active' in 'where clause' in /Users/emersonrodrigues/Documents/GitHub/PayParaguay/app/sts/Models/helper/StsRead.php:48
Stack trace:
#0 /Users/emersonrodrigues/Documents/GitHub/PayParaguay/app/sts/Models/helper/StsRead.php(48): PDOStatement->execute()
#1 /Users/emersonrodrigues/Documents/GitHub/PayParaguay/app/sts/Models/helper/StsRead.php(40): App\sts\Models\helper\StsRead->exeInstrucao()
#2 /Users/emersonrodrigues/Documents/GitHub/PayParaguay/app/sts/Models/DbDashboard.php(24): App\sts\Models\helper\StsRead->fullRead('SELECT sum(amou...')
#3 /Users/emersonrodrigues/Documents/GitHub/PayParaguay/app/sts/Controllers/Dashboard.php(29): App\sts\Models\DbDashboard->getDataDashboard()
#4 /Users/emersonrodrigues/Documents/GitHub/PayParaguay/core/ConfigController.php(104): App\sts\Controllers\Dashboard->getData()
#5 /Users/emersonrodrigues/Documents/GitHub/PayParaguay/core/ConfigController.php(88): Core\ConfigController->carregarMetodo()
# in /Users/emersonrodrigues/Documents/GitHub/PayParaguay/app/sts/Models/helper/StsRead.php on line 48
[15-Dec-2023 01:20:54 America/Sao_Paulo] PHP Notice:  Undefined index: balance in /Users/emersonrodrigues/Documents/GitHub/PayParaguay/app/sts/Models/DbDashboard.php on line 37
[15-Dec-2023 01:21:42 America/Sao_Paulo] PHP Notice:  Undefined offset: 0 in /Users/emersonrodrigues/Documents/GitHub/PayParaguay/app/sts/Models/DbDashboard.php on line 37
